# JRE version: OpenJDK Runtime Environment (21.0.6) (build 21.0.6+-13355223-b631.42)
# Java VM: OpenJDK 64-Bit Server VM (21.0.6+-13355223-b631.42, mixed mode, tiered, compressed oops, compressed class ptrs, g1 gc, windows-amd64)
GC Precious Log:
 CardTable entry size: 512
 Card Set container configuration: InlinePtr #cards 5 size 8 Array Of Cards #cards 12 size 40 Howl #buckets 4 coarsen threshold 1843 Howl Bitmap #cards 512 size 80 coarsen threshold 460 Card regions per heap region 1 cards per card region 2048
 CPUs: 8 total, 8 available
 Memory: 14284M
 Large Page Support: Disabled
 NUMA Support: Disabled
 Compressed Oops: Enabled (32-bit)
 Heap Region Size: 1M
 Heap Min Capacity: 8M
 Heap Initial Capacity: 224M
 Heap Max Capacity: 2G
 Pre-touch: Disabled
 Parallel Workers: 8
 Concurrent Workers: 2
 Concurrent Refinement Workers: 8
 Periodic GC: Disabled
Heap:
 garbage-first heap   total 158720K, used 120902K [0x0000000080000000, 0x0000000100000000)
  region size 1024K, 15 young (15360K), 4 survivors (4096K)
 Metaspace       used 88099K, committed 90048K, reserved 1179648K
  class space    used 11819K, committed 12800K, reserved 1048576K
GC Heap History (20 events):
Event: 11.257 GC heap before
{Heap before GC invocations=23 (full 0):
 garbage-first heap   total 130048K, used 116318K [0x0000000080000000, 0x0000000100000000)
  region size 1024K, 40 young (40960K), 4 survivors (4096K)
 Metaspace       used 70255K, committed 72064K, reserved 1114112K
  class space    used 9604K, committed 10496K, reserved 1048576K
}
Event: 11.261 GC heap after
{Heap after GC invocations=24 (full 0):
 garbage-first heap   total 130048K, used 81668K [0x0000000080000000, 0x0000000100000000)
  region size 1024K, 4 young (4096K), 4 survivors (4096K)
 Metaspace       used 70255K, committed 72064K, reserved 1114112K
  class space    used 9604K, committed 10496K, reserved 1048576K
}
Event: 12.043 GC heap before
{Heap before GC invocations=25 (full 0):
 garbage-first heap   total 137216K, used 116484K [0x0000000080000000, 0x0000000100000000)
  region size 1024K, 39 young (39936K), 4 survivors (4096K)
 Metaspace       used 75973K, committed 77888K, reserved 1179648K
  class space    used 10351K, committed 11328K, reserved 1048576K
}
Event: 12.048 GC heap after
{Heap after GC invocations=26 (full 0):
 garbage-first heap   total 137216K, used 85205K [0x0000000080000000, 0x0000000100000000)
  region size 1024K, 5 young (5120K), 5 survivors (5120K)
 Metaspace       used 75973K, committed 77888K, reserved 1179648K
  class space    used 10351K, committed 11328K, reserved 1048576K
}
Event: 13.576 GC heap before
{Heap before GC invocations=26 (full 0):
 garbage-first heap   total 137216K, used 122069K [0x0000000080000000, 0x0000000100000000)
  region size 1024K, 42 young (43008K), 5 survivors (5120K)
 Metaspace       used 79145K, committed 81024K, reserved 1179648K
  class space    used 10721K, committed 11648K, reserved 1048576K
}
Event: 13.584 GC heap after
{Heap after GC invocations=27 (full 0):
 garbage-first heap   total 137216K, used 90073K [0x0000000080000000, 0x0000000100000000)
  region size 1024K, 6 young (6144K), 6 survivors (6144K)
 Metaspace       used 79145K, committed 81024K, reserved 1179648K
  class space    used 10721K, committed 11648K, reserved 1048576K
}
Event: 14.184 GC heap before
{Heap before GC invocations=27 (full 0):
 garbage-first heap   total 137216K, used 120793K [0x0000000080000000, 0x0000000100000000)
  region size 1024K, 37 young (37888K), 6 survivors (6144K)
 Metaspace       used 79383K, committed 81216K, reserved 1179648K
  class space    used 10721K, committed 11648K, reserved 1048576K
}
Event: 14.190 GC heap after
{Heap after GC invocations=28 (full 0):
 garbage-first heap   total 137216K, used 91540K [0x0000000080000000, 0x0000000100000000)
  region size 1024K, 4 young (4096K), 4 survivors (4096K)
 Metaspace       used 79383K, committed 81216K, reserved 1179648K
  class space    used 10721K, committed 11648K, reserved 1048576K
}
Event: 14.871 GC heap before
{Heap before GC invocations=29 (full 0):
 garbage-first heap   total 153600K, used 123284K [0x0000000080000000, 0x0000000100000000)
  region size 1024K, 36 young (36864K), 4 survivors (4096K)
 Metaspace       used 79438K, committed 81280K, reserved 1179648K
  class space    used 10721K, committed 11648K, reserved 1048576K
}
Event: 14.875 GC heap after
{Heap after GC invocations=30 (full 0):
 garbage-first heap   total 153600K, used 91980K [0x0000000080000000, 0x0000000100000000)
  region size 1024K, 3 young (3072K), 3 survivors (3072K)
 Metaspace       used 79438K, committed 81280K, reserved 1179648K
  class space    used 10721K, committed 11648K, reserved 1048576K
}
Event: 15.761 GC heap before
{Heap before GC invocations=30 (full 0):
 garbage-first heap   total 153600K, used 138060K [0x0000000080000000, 0x0000000100000000)
  region size 1024K, 49 young (50176K), 3 survivors (3072K)
 Metaspace       used 79442K, committed 81280K, reserved 1179648K
  class space    used 10722K, committed 11648K, reserved 1048576K
}
Event: 15.766 GC heap after
{Heap after GC invocations=31 (full 0):
 garbage-first heap   total 153600K, used 91507K [0x0000000080000000, 0x0000000100000000)
  region size 1024K, 5 young (5120K), 5 survivors (5120K)
 Metaspace       used 79442K, committed 81280K, reserved 1179648K
  class space    used 10722K, committed 11648K, reserved 1048576K
}
Event: 16.039 GC heap before
{Heap before GC invocations=31 (full 0):
 garbage-first heap   total 153600K, used 102771K [0x0000000080000000, 0x0000000100000000)
  region size 1024K, 17 young (17408K), 5 survivors (5120K)
 Metaspace       used 79588K, committed 81472K, reserved 1179648K
  class space    used 10741K, committed 11712K, reserved 1048576K
}
Event: 16.042 GC heap after
{Heap after GC invocations=32 (full 0):
 garbage-first heap   total 153600K, used 92339K [0x0000000080000000, 0x0000000100000000)
  region size 1024K, 5 young (5120K), 5 survivors (5120K)
 Metaspace       used 79588K, committed 81472K, reserved 1179648K
  class space    used 10741K, committed 11712K, reserved 1048576K
}
Event: 24.007 GC heap before
{Heap before GC invocations=33 (full 0):
 garbage-first heap   total 158720K, used 140467K [0x0000000080000000, 0x0000000100000000)
  region size 1024K, 46 young (47104K), 5 survivors (5120K)
 Metaspace       used 82222K, committed 84160K, reserved 1179648K
  class space    used 11064K, committed 12032K, reserved 1048576K
}
Event: 24.011 GC heap after
{Heap after GC invocations=34 (full 0):
 garbage-first heap   total 158720K, used 104371K [0x0000000080000000, 0x0000000100000000)
  region size 1024K, 6 young (6144K), 6 survivors (6144K)
 Metaspace       used 82222K, committed 84160K, reserved 1179648K
  class space    used 11064K, committed 12032K, reserved 1048576K
}
Event: 24.578 GC heap before
{Heap before GC invocations=34 (full 0):
 garbage-first heap   total 158720K, used 141235K [0x0000000080000000, 0x0000000100000000)
  region size 1024K, 43 young (44032K), 6 survivors (6144K)
 Metaspace       used 86075K, committed 87936K, reserved 1179648K
  class space    used 11494K, committed 12416K, reserved 1048576K
}
Event: 24.583 GC heap after
{Heap after GC invocations=35 (full 0):
 garbage-first heap   total 158720K, used 104642K [0x0000000080000000, 0x0000000100000000)
  region size 1024K, 2 young (2048K), 2 survivors (2048K)
 Metaspace       used 86075K, committed 87936K, reserved 1179648K
  class space    used 11494K, committed 12416K, reserved 1048576K
}
Event: 24.916 GC heap before
{Heap before GC invocations=35 (full 0):
 garbage-first heap   total 158720K, used 125122K [0x0000000080000000, 0x0000000100000000)
  region size 1024K, 23 young (23552K), 2 survivors (2048K)
 Metaspace       used 88091K, committed 90048K, reserved 1179648K
  class space    used 11819K, committed 12800K, reserved 1048576K
}
Event: 24.919 GC heap after
{Heap after GC invocations=36 (full 0):
 garbage-first heap   total 158720K, used 106566K [0x0000000080000000, 0x0000000100000000)
  region size 1024K, 4 young (4096K), 4 survivors (4096K)
 Metaspace       used 88091K, committed 90048K, reserved 1179648K
  class space    used 11819K, committed 12800K, reserved 1048576K
}

