# JRE version: OpenJDK Runtime Environment (21.0.6) (build 21.0.6+-13355223-b631.42)
# Java VM: OpenJDK 64-Bit Server VM (21.0.6+-13355223-b631.42, mixed mode, tiered, compressed oops, compressed class ptrs, g1 gc, windows-amd64)
GC Precious Log:
 CardTable entry size: 512
 Card Set container configuration: InlinePtr #cards 5 size 8 Array Of Cards #cards 12 size 40 Howl #buckets 4 coarsen threshold 1843 Howl Bitmap #cards 512 size 80 coarsen threshold 460 Card regions per heap region 1 cards per card region 2048
 CPUs: 8 total, 8 available
 Memory: 14284M
 Large Page Support: Disabled
 NUMA Support: Disabled
 Compressed Oops: Enabled (32-bit)
 Heap Region Size: 1M
 Heap Min Capacity: 8M
 Heap Initial Capacity: 224M
 Heap Max Capacity: 2G
 Pre-touch: Disabled
 Parallel Workers: 8
 Concurrent Workers: 2
 Concurrent Refinement Workers: 8
 Periodic GC: Disabled
Heap:
 garbage-first heap   total 399360K, used 254464K [0x0000000080000000, 0x0000000100000000)
  region size 1024K, 6 young (6144K), 6 survivors (6144K)
 Metaspace       used 130015K, committed 132224K, reserved 1179648K
  class space    used 17988K, committed 19072K, reserved 1048576K
GC Heap History (20 events):
Event: 18.996 GC heap after
{Heap after GC invocations=46 (full 0):
 garbage-first heap   total 168960K, used 114434K [0x0000000080000000, 0x0000000100000000)
  region size 1024K, 3 young (3072K), 3 survivors (3072K)
 Metaspace       used 113323K, committed 115584K, reserved 1179648K
  class space    used 15322K, committed 16448K, reserved 1048576K
}
Event: 20.120 GC heap before
{Heap before GC invocations=47 (full 0):
 garbage-first heap   total 191488K, used 153346K [0x0000000080000000, 0x0000000100000000)
  region size 1024K, 41 young (41984K), 3 survivors (3072K)
 Metaspace       used 113939K, committed 116160K, reserved 1179648K
  class space    used 15382K, committed 16512K, reserved 1048576K
}
Event: 20.125 GC heap after
{Heap after GC invocations=48 (full 0):
 garbage-first heap   total 191488K, used 115384K [0x0000000080000000, 0x0000000100000000)
  region size 1024K, 6 young (6144K), 6 survivors (6144K)
 Metaspace       used 113939K, committed 116160K, reserved 1179648K
  class space    used 15382K, committed 16512K, reserved 1048576K
}
Event: 20.637 GC heap before
{Heap before GC invocations=48 (full 0):
 garbage-first heap   total 191488K, used 171704K [0x0000000080000000, 0x0000000100000000)
  region size 1024K, 62 young (63488K), 6 survivors (6144K)
 Metaspace       used 114224K, committed 116480K, reserved 1179648K
  class space    used 15430K, committed 16576K, reserved 1048576K
}
Event: 20.651 GC heap after
{Heap after GC invocations=49 (full 0):
 garbage-first heap   total 191488K, used 123896K [0x0000000080000000, 0x0000000100000000)
  region size 1024K, 8 young (8192K), 8 survivors (8192K)
 Metaspace       used 114224K, committed 116480K, reserved 1179648K
  class space    used 15430K, committed 16576K, reserved 1048576K
}
Event: 21.018 GC heap before
{Heap before GC invocations=49 (full 0):
 garbage-first heap   total 191488K, used 171000K [0x0000000080000000, 0x0000000100000000)
  region size 1024K, 55 young (56320K), 8 survivors (8192K)
 Metaspace       used 114712K, committed 116992K, reserved 1179648K
  class space    used 15500K, committed 16640K, reserved 1048576K
}
Event: 21.027 GC heap after
{Heap after GC invocations=50 (full 0):
 garbage-first heap   total 230400K, used 126254K [0x0000000080000000, 0x0000000100000000)
  region size 1024K, 4 young (4096K), 4 survivors (4096K)
 Metaspace       used 114712K, committed 116992K, reserved 1179648K
  class space    used 15500K, committed 16640K, reserved 1048576K
}
Event: 21.559 GC heap before
{Heap before GC invocations=51 (full 0):
 garbage-first heap   total 245760K, used 244014K [0x0000000080000000, 0x0000000100000000)
  region size 1024K, 67 young (68608K), 4 survivors (4096K)
 Metaspace       used 119387K, committed 121600K, reserved 1179648K
  class space    used 16187K, committed 17280K, reserved 1048576K
}
Event: 21.565 GC heap after
{Heap after GC invocations=52 (full 0):
 garbage-first heap   total 262144K, used 170280K [0x0000000080000000, 0x0000000100000000)
  region size 1024K, 10 young (10240K), 10 survivors (10240K)
 Metaspace       used 119387K, committed 121600K, reserved 1179648K
  class space    used 16187K, committed 17280K, reserved 1048576K
}
Event: 21.883 GC heap before
{Heap before GC invocations=52 (full 0):
 garbage-first heap   total 262144K, used 230696K [0x0000000080000000, 0x0000000100000000)
  region size 1024K, 69 young (70656K), 10 survivors (10240K)
 Metaspace       used 122294K, committed 124480K, reserved 1179648K
  class space    used 16654K, committed 17728K, reserved 1048576K
}
Event: 21.900 GC heap after
{Heap after GC invocations=53 (full 0):
 garbage-first heap   total 262144K, used 183154K [0x0000000080000000, 0x0000000100000000)
  region size 1024K, 9 young (9216K), 9 survivors (9216K)
 Metaspace       used 122294K, committed 124480K, reserved 1179648K
  class space    used 16654K, committed 17728K, reserved 1048576K
}
Event: 21.948 GC heap before
{Heap before GC invocations=53 (full 0):
 garbage-first heap   total 262144K, used 195442K [0x0000000080000000, 0x0000000100000000)
  region size 1024K, 23 young (23552K), 9 survivors (9216K)
 Metaspace       used 122972K, committed 125248K, reserved 1179648K
  class space    used 16740K, committed 17856K, reserved 1048576K
}
Event: 21.960 GC heap after
{Heap after GC invocations=54 (full 0):
 garbage-first heap   total 262144K, used 187895K [0x0000000080000000, 0x0000000100000000)
  region size 1024K, 4 young (4096K), 4 survivors (4096K)
 Metaspace       used 122972K, committed 125248K, reserved 1179648K
  class space    used 16740K, committed 17856K, reserved 1048576K
}
Event: 22.260 GC heap before
{Heap before GC invocations=55 (full 0):
 garbage-first heap   total 311296K, used 231927K [0x0000000080000000, 0x0000000100000000)
  region size 1024K, 50 young (51200K), 4 survivors (4096K)
 Metaspace       used 125699K, committed 127872K, reserved 1179648K
  class space    used 17293K, committed 18368K, reserved 1048576K
}
Event: 22.276 GC heap after
{Heap after GC invocations=56 (full 0):
 garbage-first heap   total 311296K, used 196608K [0x0000000080000000, 0x0000000100000000)
  region size 1024K, 7 young (7168K), 7 survivors (7168K)
 Metaspace       used 125699K, committed 127872K, reserved 1179648K
  class space    used 17293K, committed 18368K, reserved 1048576K
}
Event: 22.709 GC heap before
{Heap before GC invocations=56 (full 0):
 garbage-first heap   total 311296K, used 264192K [0x0000000080000000, 0x0000000100000000)
  region size 1024K, 74 young (75776K), 7 survivors (7168K)
 Metaspace       used 128521K, committed 130752K, reserved 1179648K
  class space    used 17793K, committed 18880K, reserved 1048576K
}
Event: 22.734 GC heap after
{Heap after GC invocations=57 (full 0):
 garbage-first heap   total 311296K, used 213677K [0x0000000080000000, 0x0000000100000000)
  region size 1024K, 10 young (10240K), 10 survivors (10240K)
 Metaspace       used 128521K, committed 130752K, reserved 1179648K
  class space    used 17793K, committed 18880K, reserved 1048576K
}
Event: 22.879 GC heap before
{Heap before GC invocations=57 (full 0):
 garbage-first heap   total 311296K, used 266925K [0x0000000080000000, 0x0000000100000000)
  region size 1024K, 63 young (64512K), 10 survivors (10240K)
 Metaspace       used 128994K, committed 131200K, reserved 1179648K
  class space    used 17866K, committed 18944K, reserved 1048576K
}
Event: 22.905 GC heap after
{Heap after GC invocations=58 (full 0):
 garbage-first heap   total 311296K, used 241152K [0x0000000080000000, 0x0000000100000000)
  region size 1024K, 8 young (8192K), 8 survivors (8192K)
 Metaspace       used 128994K, committed 131200K, reserved 1179648K
  class space    used 17866K, committed 18944K, reserved 1048576K
}
Event: 23.159 GC heap before
{Heap before GC invocations=58 (full 0):
 garbage-first heap   total 399360K, used 272896K [0x0000000080000000, 0x0000000100000000)
  region size 1024K, 42 young (43008K), 8 survivors (8192K)
 Metaspace       used 130015K, committed 132224K, reserved 1179648K
  class space    used 17988K, committed 19072K, reserved 1048576K
}

