# JRE version: OpenJDK Runtime Environment (21.0.6) (build 21.0.6+-13355223-b631.42)
# Java VM: OpenJDK 64-Bit Server VM (21.0.6+-13355223-b631.42, mixed mode, tiered, compressed oops, compressed class ptrs, g1 gc, windows-amd64)
GC Precious Log:
 CardTable entry size: 512
 Card Set container configuration: InlinePtr #cards 5 size 8 Array Of Cards #cards 12 size 40 Howl #buckets 4 coarsen threshold 1843 Howl Bitmap #cards 512 size 80 coarsen threshold 460 Card regions per heap region 1 cards per card region 2048
 CPUs: 8 total, 8 available
 Memory: 14284M
 Large Page Support: Disabled
 NUMA Support: Disabled
 Compressed Oops: Enabled (32-bit)
 Heap Region Size: 1M
 Heap Min Capacity: 8M
 Heap Initial Capacity: 224M
 Heap Max Capacity: 2G
 Pre-touch: Disabled
 Parallel Workers: 8
 Concurrent Workers: 2
 Concurrent Refinement Workers: 8
 Periodic GC: Disabled
Heap:
 garbage-first heap   total 187392K, used 111178K [0x0000000080000000, 0x0000000100000000)
  region size 1024K, 19 young (19456K), 7 survivors (7168K)
 Metaspace       used 76853K, committed 78656K, reserved 1179648K
  class space    used 10371K, committed 11264K, reserved 1048576K
GC Heap History (20 events):
Event: 7.201 GC heap before
{Heap before GC invocations=18 (full 0):
 garbage-first heap   total 95232K, used 93353K [0x0000000080000000, 0x0000000100000000)
  region size 1024K, 23 young (23552K), 4 survivors (4096K)
 Metaspace       used 57681K, committed 59264K, reserved 1114112K
  class space    used 7728K, committed 8512K, reserved 1048576K
}
Event: 7.206 GC heap after
{Heap after GC invocations=19 (full 0):
 garbage-first heap   total 124928K, used 77485K [0x0000000080000000, 0x0000000100000000)
  region size 1024K, 4 young (4096K), 4 survivors (4096K)
 Metaspace       used 57681K, committed 59264K, reserved 1114112K
  class space    used 7728K, committed 8512K, reserved 1048576K
}
Event: 7.405 GC heap before
{Heap before GC invocations=19 (full 0):
 garbage-first heap   total 124928K, used 109229K [0x0000000080000000, 0x0000000100000000)
  region size 1024K, 35 young (35840K), 4 survivors (4096K)
 Metaspace       used 58757K, committed 60416K, reserved 1114112K
  class space    used 7865K, committed 8704K, reserved 1048576K
}
Event: 7.407 GC heap after
{Heap after GC invocations=20 (full 0):
 garbage-first heap   total 124928K, used 77803K [0x0000000080000000, 0x0000000100000000)
  region size 1024K, 2 young (2048K), 2 survivors (2048K)
 Metaspace       used 58757K, committed 60416K, reserved 1114112K
  class space    used 7865K, committed 8704K, reserved 1048576K
}
Event: 7.901 GC heap before
{Heap before GC invocations=21 (full 0):
 garbage-first heap   total 132096K, used 110571K [0x0000000080000000, 0x0000000100000000)
  region size 1024K, 34 young (34816K), 2 survivors (2048K)
 Metaspace       used 63109K, committed 64832K, reserved 1114112K
  class space    used 8483K, committed 9344K, reserved 1048576K
}
Event: 7.903 GC heap after
{Heap after GC invocations=22 (full 0):
 garbage-first heap   total 132096K, used 78924K [0x0000000080000000, 0x0000000100000000)
  region size 1024K, 3 young (3072K), 3 survivors (3072K)
 Metaspace       used 63109K, committed 64832K, reserved 1114112K
  class space    used 8483K, committed 9344K, reserved 1048576K
}
Event: 8.466 GC heap before
{Heap before GC invocations=22 (full 0):
 garbage-first heap   total 132096K, used 117836K [0x0000000080000000, 0x0000000100000000)
  region size 1024K, 41 young (41984K), 3 survivors (3072K)
 Metaspace       used 68182K, committed 69888K, reserved 1114112K
  class space    used 9273K, committed 10112K, reserved 1048576K
}
Event: 8.470 GC heap after
{Heap after GC invocations=23 (full 0):
 garbage-first heap   total 132096K, used 79938K [0x0000000080000000, 0x0000000100000000)
  region size 1024K, 5 young (5120K), 5 survivors (5120K)
 Metaspace       used 68182K, committed 69888K, reserved 1114112K
  class space    used 9273K, committed 10112K, reserved 1048576K
}
Event: 9.287 GC heap before
{Heap before GC invocations=23 (full 0):
 garbage-first heap   total 132096K, used 118850K [0x0000000080000000, 0x0000000100000000)
  region size 1024K, 43 young (44032K), 5 survivors (5120K)
 Metaspace       used 72056K, committed 73856K, reserved 1114112K
  class space    used 9868K, committed 10752K, reserved 1048576K
}
Event: 9.292 GC heap after
{Heap after GC invocations=24 (full 0):
 garbage-first heap   total 132096K, used 83258K [0x0000000080000000, 0x0000000100000000)
  region size 1024K, 6 young (6144K), 6 survivors (6144K)
 Metaspace       used 72056K, committed 73856K, reserved 1114112K
  class space    used 9868K, committed 10752K, reserved 1048576K
}
Event: 9.695 GC heap before
{Heap before GC invocations=25 (full 0):
 garbage-first heap   total 140288K, used 116026K [0x0000000080000000, 0x0000000100000000)
  region size 1024K, 39 young (39936K), 6 survivors (6144K)
 Metaspace       used 72479K, committed 74304K, reserved 1114112K
  class space    used 9886K, committed 10816K, reserved 1048576K
}
Event: 9.701 GC heap after
{Heap after GC invocations=26 (full 0):
 garbage-first heap   total 140288K, used 88008K [0x0000000080000000, 0x0000000100000000)
  region size 1024K, 5 young (5120K), 5 survivors (5120K)
 Metaspace       used 72479K, committed 74304K, reserved 1114112K
  class space    used 9886K, committed 10816K, reserved 1048576K
}
Event: 9.945 GC heap before
{Heap before GC invocations=26 (full 0):
 garbage-first heap   total 140288K, used 124872K [0x0000000080000000, 0x0000000100000000)
  region size 1024K, 42 young (43008K), 5 survivors (5120K)
 Metaspace       used 72754K, committed 74624K, reserved 1114112K
  class space    used 9886K, committed 10816K, reserved 1048576K
}
Event: 9.950 GC heap after
{Heap after GC invocations=27 (full 0):
 garbage-first heap   total 140288K, used 87932K [0x0000000080000000, 0x0000000100000000)
  region size 1024K, 4 young (4096K), 4 survivors (4096K)
 Metaspace       used 72754K, committed 74624K, reserved 1114112K
  class space    used 9886K, committed 10816K, reserved 1048576K
}
Event: 10.152 GC heap before
{Heap before GC invocations=27 (full 0):
 garbage-first heap   total 140288K, used 125820K [0x0000000080000000, 0x0000000100000000)
  region size 1024K, 42 young (43008K), 4 survivors (4096K)
 Metaspace       used 72810K, committed 74624K, reserved 1114112K
  class space    used 9886K, committed 10816K, reserved 1048576K
}
Event: 10.155 GC heap after
{Heap after GC invocations=28 (full 0):
 garbage-first heap   total 140288K, used 88561K [0x0000000080000000, 0x0000000100000000)
  region size 1024K, 5 young (5120K), 5 survivors (5120K)
 Metaspace       used 72810K, committed 74624K, reserved 1114112K
  class space    used 9886K, committed 10816K, reserved 1048576K
}
Event: 10.418 GC heap before
{Heap before GC invocations=29 (full 0):
 garbage-first heap   total 150528K, used 124401K [0x0000000080000000, 0x0000000100000000)
  region size 1024K, 41 young (41984K), 5 survivors (5120K)
 Metaspace       used 72926K, committed 74752K, reserved 1114112K
  class space    used 9905K, committed 10816K, reserved 1048576K
}
Event: 10.421 GC heap after
{Heap after GC invocations=30 (full 0):
 garbage-first heap   total 150528K, used 89798K [0x0000000080000000, 0x0000000100000000)
  region size 1024K, 5 young (5120K), 5 survivors (5120K)
 Metaspace       used 72926K, committed 74752K, reserved 1114112K
  class space    used 9905K, committed 10816K, reserved 1048576K
}
Event: 10.889 GC heap before
{Heap before GC invocations=30 (full 0):
 garbage-first heap   total 150528K, used 142022K [0x0000000080000000, 0x0000000100000000)
  region size 1024K, 50 young (51200K), 5 survivors (5120K)
 Metaspace       used 75877K, committed 77696K, reserved 1179648K
  class space    used 10274K, committed 11200K, reserved 1048576K
}
Event: 10.893 GC heap after
{Heap after GC invocations=31 (full 0):
 garbage-first heap   total 187392K, used 100938K [0x0000000080000000, 0x0000000100000000)
  region size 1024K, 7 young (7168K), 7 survivors (7168K)
 Metaspace       used 75877K, committed 77696K, reserved 1179648K
  class space    used 10274K, committed 11200K, reserved 1048576K
}

