# JRE version: OpenJDK Runtime Environment (21.0.6) (build 21.0.6+-13355223-b631.42)
# Java VM: OpenJDK 64-Bit Server VM (21.0.6+-13355223-b631.42, mixed mode, tiered, compressed oops, compressed class ptrs, g1 gc, windows-amd64)
GC Precious Log:
 CardTable entry size: 512
 Card Set container configuration: InlinePtr #cards 5 size 8 Array Of Cards #cards 12 size 40 Howl #buckets 4 coarsen threshold 1843 Howl Bitmap #cards 512 size 80 coarsen threshold 460 Card regions per heap region 1 cards per card region 2048
 CPUs: 8 total, 8 available
 Memory: 14284M
 Large Page Support: Disabled
 NUMA Support: Disabled
 Compressed Oops: Enabled (32-bit)
 Heap Region Size: 1M
 Heap Min Capacity: 8M
 Heap Initial Capacity: 224M
 Heap Max Capacity: 2G
 Pre-touch: Disabled
 Parallel Workers: 8
 Concurrent Workers: 2
 Concurrent Refinement Workers: 8
 Periodic GC: Disabled
Heap:
 garbage-first heap   total 440320K, used 279936K [0x0000000080000000, 0x0000000100000000)
  region size 1024K, 12 young (12288K), 7 survivors (7168K)
 Metaspace       used 127943K, committed 130112K, reserved 1179648K
  class space    used 17680K, committed 18752K, reserved 1048576K
GC Heap History (20 events):
Event: 17.876 GC heap before
{Heap before GC invocations=46 (full 0):
 garbage-first heap   total 256000K, used 216795K [0x0000000080000000, 0x0000000100000000)
  region size 1024K, 61 young (62464K), 9 survivors (9216K)
 Metaspace       used 118263K, committed 120448K, reserved 1179648K
  class space    used 16641K, committed 17728K, reserved 1048576K
}
Event: 17.895 GC heap after
{Heap after GC invocations=47 (full 0):
 garbage-first heap   total 401408K, used 174764K [0x0000000080000000, 0x0000000100000000)
  region size 1024K, 8 young (8192K), 8 survivors (8192K)
 Metaspace       used 118263K, committed 120448K, reserved 1179648K
  class space    used 16641K, committed 17728K, reserved 1048576K
}
Event: 18.561 GC heap before
{Heap before GC invocations=48 (full 0):
 garbage-first heap   total 401408K, used 298668K [0x0000000080000000, 0x0000000100000000)
  region size 1024K, 130 young (133120K), 8 survivors (8192K)
 Metaspace       used 120252K, committed 122432K, reserved 1179648K
  class space    used 16855K, committed 17920K, reserved 1048576K
}
Event: 18.606 GC heap after
{Heap after GC invocations=49 (full 0):
 garbage-first heap   total 401408K, used 231424K [0x0000000080000000, 0x0000000100000000)
  region size 1024K, 17 young (17408K), 17 survivors (17408K)
 Metaspace       used 120252K, committed 122432K, reserved 1179648K
  class space    used 16855K, committed 17920K, reserved 1048576K
}
Event: 19.100 GC heap before
{Heap before GC invocations=49 (full 0):
 garbage-first heap   total 401408K, used 312320K [0x0000000080000000, 0x0000000100000000)
  region size 1024K, 96 young (98304K), 17 survivors (17408K)
 Metaspace       used 122081K, committed 124224K, reserved 1179648K
  class space    used 17065K, committed 18112K, reserved 1048576K
}
Event: 19.130 GC heap after
{Heap after GC invocations=50 (full 0):
 garbage-first heap   total 401408K, used 244736K [0x0000000080000000, 0x0000000100000000)
  region size 1024K, 12 young (12288K), 12 survivors (12288K)
 Metaspace       used 122081K, committed 124224K, reserved 1179648K
  class space    used 17065K, committed 18112K, reserved 1048576K
}
Event: 19.585 GC heap before
{Heap before GC invocations=50 (full 0):
 garbage-first heap   total 401408K, used 323584K [0x0000000080000000, 0x0000000100000000)
  region size 1024K, 90 young (92160K), 12 survivors (12288K)
 Metaspace       used 123920K, committed 126144K, reserved 1179648K
  class space    used 17333K, committed 18432K, reserved 1048576K
}
Event: 19.598 GC heap after
{Heap after GC invocations=51 (full 0):
 garbage-first heap   total 401408K, used 252219K [0x0000000080000000, 0x0000000100000000)
  region size 1024K, 8 young (8192K), 8 survivors (8192K)
 Metaspace       used 123920K, committed 126144K, reserved 1179648K
  class space    used 17333K, committed 18432K, reserved 1048576K
}
Event: 20.419 GC heap before
{Heap before GC invocations=52 (full 0):
 garbage-first heap   total 401408K, used 322875K [0x0000000080000000, 0x0000000100000000)
  region size 1024K, 90 young (92160K), 8 survivors (8192K)
 Metaspace       used 124740K, committed 126912K, reserved 1179648K
  class space    used 17335K, committed 18432K, reserved 1048576K
}
Event: 20.429 GC heap after
{Heap after GC invocations=53 (full 0):
 garbage-first heap   total 401408K, used 247550K [0x0000000080000000, 0x0000000100000000)
  region size 1024K, 9 young (9216K), 9 survivors (9216K)
 Metaspace       used 124740K, committed 126912K, reserved 1179648K
  class space    used 17335K, committed 18432K, reserved 1048576K
}
Event: 21.422 GC heap before
{Heap before GC invocations=53 (full 0):
 garbage-first heap   total 401408K, used 348926K [0x0000000080000000, 0x0000000100000000)
  region size 1024K, 101 young (103424K), 9 survivors (9216K)
 Metaspace       used 125062K, committed 127232K, reserved 1179648K
  class space    used 17363K, committed 18432K, reserved 1048576K
}
Event: 21.441 GC heap after
{Heap after GC invocations=54 (full 0):
 garbage-first heap   total 401408K, used 257244K [0x0000000080000000, 0x0000000100000000)
  region size 1024K, 11 young (11264K), 11 survivors (11264K)
 Metaspace       used 125062K, committed 127232K, reserved 1179648K
  class space    used 17363K, committed 18432K, reserved 1048576K
}
Event: 21.601 GC heap before
{Heap before GC invocations=54 (full 0):
 garbage-first heap   total 401408K, used 281820K [0x0000000080000000, 0x0000000100000000)
  region size 1024K, 37 young (37888K), 11 survivors (11264K)
 Metaspace       used 125092K, committed 127232K, reserved 1179648K
  class space    used 17363K, committed 18432K, reserved 1048576K
}
Event: 21.614 GC heap after
{Heap after GC invocations=55 (full 0):
 garbage-first heap   total 401408K, used 260682K [0x0000000080000000, 0x0000000100000000)
  region size 1024K, 6 young (6144K), 6 survivors (6144K)
 Metaspace       used 125092K, committed 127232K, reserved 1179648K
  class space    used 17363K, committed 18432K, reserved 1048576K
}
Event: 22.896 GC heap before
{Heap before GC invocations=56 (full 0):
 garbage-first heap   total 439296K, used 370250K [0x0000000080000000, 0x0000000100000000)
  region size 1024K, 98 young (100352K), 6 survivors (6144K)
 Metaspace       used 125229K, committed 127360K, reserved 1179648K
  class space    used 17373K, committed 18432K, reserved 1048576K
}
Event: 22.909 GC heap after
{Heap after GC invocations=57 (full 0):
 garbage-first heap   total 439296K, used 283419K [0x0000000080000000, 0x0000000100000000)
  region size 1024K, 13 young (13312K), 13 survivors (13312K)
 Metaspace       used 125229K, committed 127360K, reserved 1179648K
  class space    used 17373K, committed 18432K, reserved 1048576K
}
Event: 23.258 GC heap before
{Heap before GC invocations=57 (full 0):
 garbage-first heap   total 439296K, used 417563K [0x0000000080000000, 0x0000000100000000)
  region size 1024K, 116 young (118784K), 13 survivors (13312K)
 Metaspace       used 125308K, committed 127424K, reserved 1179648K
  class space    used 17374K, committed 18432K, reserved 1048576K
}
Event: 23.273 GC heap after
{Heap after GC invocations=58 (full 0):
 garbage-first heap   total 440320K, used 295552K [0x0000000080000000, 0x0000000100000000)
  region size 1024K, 5 young (5120K), 5 survivors (5120K)
 Metaspace       used 125308K, committed 127424K, reserved 1179648K
  class space    used 17374K, committed 18432K, reserved 1048576K
}
Event: 24.522 GC heap before
{Heap before GC invocations=58 (full 0):
 garbage-first heap   total 440320K, used 367232K [0x0000000080000000, 0x0000000100000000)
  region size 1024K, 77 young (78848K), 5 survivors (5120K)
 Metaspace       used 127690K, committed 129920K, reserved 1179648K
  class space    used 17654K, committed 18752K, reserved 1048576K
}
Event: 24.527 GC heap after
{Heap after GC invocations=59 (full 0):
 garbage-first heap   total 440320K, used 277888K [0x0000000080000000, 0x0000000100000000)
  region size 1024K, 7 young (7168K), 7 survivors (7168K)
 Metaspace       used 127690K, committed 129920K, reserved 1179648K
  class space    used 17654K, committed 18752K, reserved 1048576K
}

